<?xml version="1.0" encoding="UTF-8"?>
<!-- Generated by org.testng.reporters.JUnitXMLReporter -->
<testsuite hostname="NP-SADEKUNLE" name="SideBarMenuTest" tests="8" failures="0" timestamp="14 Feb 2017 11:31:34 GMT" time="126.071" errors="0">
  <testcase name="RespGamblingtest" time="16.329" classname="Suite.SideBarMenuTest"/>
  <testcase name="Tvpresentertest" time="14.811" classname="Suite.SideBarMenuTest"/>
  <testcase name="helptest" time="14.676" classname="Suite.SideBarMenuTest"/>
  <testcase name="menutest" time="16.103" classname="Suite.SideBarMenuTest"/>
  <testcase name="menutest1" time="16.202" classname="Suite.SideBarMenuTest"/>
  <testcase name="menutest2" time="16.406" classname="Suite.SideBarMenuTest"/>
  <testcase name="menutest3" time="15.383" classname="Suite.SideBarMenuTest"/>
  <testcase name="menutest4" time="16.151" classname="Suite.SideBarMenuTest"/>
</testsuite> <!-- SideBarMenuTest -->
