<?xml version="1.0" encoding="UTF-8"?>
<testng-results skipped="0" failed="1" total="3" passed="2">
  <reporter-output>
  </reporter-output>
  <suite name="Default suite" duration-ms="61836" started-at="2017-03-24T13:14:15Z" finished-at="2017-03-24T13:15:17Z">
    <groups>
    </groups>
    <test name="Default test" duration-ms="61836" started-at="2017-03-24T13:14:15Z" finished-at="2017-03-24T13:15:17Z">
      <class name="Suite.ChangePasswordTest">
        <test-method status="PASS" signature="beforetest()[pri:0, instance:Suite.ChangePasswordTest@68c4039c]" name="beforetest" is-config="true" duration-ms="3491" started-at="2017-03-24T13:14:15Z" finished-at="2017-03-24T13:14:19Z">
          <reporter-output>
          </reporter-output>
        </test-method> <!-- beforetest -->
        <test-method status="PASS" signature="changepasswordtest(java.lang.String, java.lang.String, java.lang.String, java.lang.String)[pri:0, instance:Suite.ChangePasswordTest@68c4039c]" name="changepasswordtest" duration-ms="21559" started-at="2017-03-24T13:14:19Z" data-provider="getdata" finished-at="2017-03-24T13:14:40Z">
          <params>
            <param index="0">
              <value>
                <![CDATA[M|)Hduy38Ek'iM'bwQF@]]>
              </value>
            </param>
            <param index="1">
              <value>
                <![CDATA[$$$$$%%21a]]>
              </value>
            </param>
            <param index="2">
              <value>
                <![CDATA[$$$$$%%21a]]>
              </value>
            </param>
            <param index="3">
              <value>
                <![CDATA[FAILURE]]>
              </value>
            </param>
          </params>
          <reporter-output>
          </reporter-output>
        </test-method> <!-- changepasswordtest -->
        <test-method status="PASS" signature="changepasswordtest(java.lang.String, java.lang.String, java.lang.String, java.lang.String)[pri:0, instance:Suite.ChangePasswordTest@68c4039c]" name="changepasswordtest" duration-ms="19707" started-at="2017-03-24T13:14:40Z" data-provider="getdata" finished-at="2017-03-24T13:15:00Z">
          <params>
            <param index="0">
              <value>
                <![CDATA[M|)Hduy38Ek'iM'bwQF@]]>
              </value>
            </param>
            <param index="1">
              <value>
                <![CDATA[Bol]]>
              </value>
            </param>
            <param index="2">
              <value>
                <![CDATA[Bol]]>
              </value>
            </param>
            <param index="3">
              <value>
                <![CDATA[FAILURE]]>
              </value>
            </param>
          </params>
          <reporter-output>
          </reporter-output>
        </test-method> <!-- changepasswordtest -->
        <test-method status="FAIL" signature="changepasswordtest(java.lang.String, java.lang.String, java.lang.String, java.lang.String)[pri:0, instance:Suite.ChangePasswordTest@68c4039c]" name="changepasswordtest" duration-ms="17070" started-at="2017-03-24T13:15:00Z" data-provider="getdata" finished-at="2017-03-24T13:15:17Z">
          <params>
            <param index="0">
              <value>
                <![CDATA[M|)Hduy38Ek'iM'bwQF@]]>
              </value>
            </param>
            <param index="1">
              <value>
                <![CDATA[{generator}]]>
              </value>
            </param>
            <param index="2">
              <value>
                <![CDATA[{generator}]]>
              </value>
            </param>
            <param index="3">
              <value>
                <![CDATA[SUCCESS]]>
              </value>
            </param>
          </params>
          <exception class="java.lang.AssertionError">
            <message>
              <![CDATA[expected [FAILURE] but found [SUCCESS]]]>
            </message>
            <full-stacktrace>
              <![CDATA[java.lang.AssertionError: expected [FAILURE] but found [SUCCESS]
	at org.testng.Assert.fail(Assert.java:94)
	at org.testng.Assert.failNotEquals(Assert.java:494)
	at org.testng.Assert.assertEquals(Assert.java:123)
	at org.testng.Assert.assertEquals(Assert.java:176)
	at org.testng.Assert.assertEquals(Assert.java:186)
	at Suite.ChangePasswordTest.changepasswordtest(ChangePasswordTest.java:61)
	at sun.reflect.NativeMethodAccessorImpl.invoke0(Native Method)
	at sun.reflect.NativeMethodAccessorImpl.invoke(NativeMethodAccessorImpl.java:62)
	at sun.reflect.DelegatingMethodAccessorImpl.invoke(DelegatingMethodAccessorImpl.java:43)
	at java.lang.reflect.Method.invoke(Method.java:498)
	at org.testng.internal.MethodInvocationHelper.invokeMethod(MethodInvocationHelper.java:85)
	at org.testng.internal.Invoker.invokeMethod(Invoker.java:696)
	at org.testng.internal.Invoker.invokeTestMethod(Invoker.java:882)
	at org.testng.internal.Invoker.invokeTestMethods(Invoker.java:1189)
	at org.testng.internal.TestMethodWorker.invokeTestMethods(TestMethodWorker.java:124)
	at org.testng.internal.TestMethodWorker.run(TestMethodWorker.java:108)
	at org.testng.TestRunner.privateRun(TestRunner.java:767)
	at org.testng.TestRunner.run(TestRunner.java:617)
	at org.testng.SuiteRunner.runTest(SuiteRunner.java:348)
	at org.testng.SuiteRunner.runSequentially(SuiteRunner.java:343)
	at org.testng.SuiteRunner.privateRun(SuiteRunner.java:305)
	at org.testng.SuiteRunner.run(SuiteRunner.java:254)
	at org.testng.SuiteRunnerWorker.runSuite(SuiteRunnerWorker.java:52)
	at org.testng.SuiteRunnerWorker.run(SuiteRunnerWorker.java:86)
	at org.testng.TestNG.runSuitesSequentially(TestNG.java:1224)
	at org.testng.TestNG.runSuitesLocally(TestNG.java:1149)
	at org.testng.TestNG.run(TestNG.java:1057)
	at org.testng.remote.AbstractRemoteTestNG.run(AbstractRemoteTestNG.java:132)
	at org.testng.remote.RemoteTestNG.initAndRun(RemoteTestNG.java:236)
	at org.testng.remote.RemoteTestNG.main(RemoteTestNG.java:81)
]]>
            </full-stacktrace>
          </exception> <!-- java.lang.AssertionError -->
          <reporter-output>
          </reporter-output>
        </test-method> <!-- changepasswordtest -->
      </class> <!-- Suite.ChangePasswordTest -->
    </test> <!-- Default test -->
  </suite> <!-- Default suite -->
</testng-results>
