<?xml version="1.0" encoding="UTF-8"?>
<testng-results skipped="0" failed="0" total="3" passed="3">
  <reporter-output>
  </reporter-output>
  <suite name="Default suite" duration-ms="111272" started-at="2017-03-26T01:40:15Z" finished-at="2017-03-26T01:42:06Z">
    <groups>
    </groups>
    <test name="Default test" duration-ms="111272" started-at="2017-03-26T01:40:15Z" finished-at="2017-03-26T01:42:06Z">
      <class name="Suite.LoginTest">
        <test-method status="PASS" signature="beforetest()[pri:0, instance:Suite.LoginTest@1b0375b3]" name="beforetest" is-config="true" duration-ms="4957" started-at="2017-03-26T02:40:15Z" finished-at="2017-03-26T02:40:20Z">
          <reporter-output>
          </reporter-output>
        </test-method> <!-- beforetest -->
        <test-method status="PASS" signature="logintest(java.lang.String, java.lang.String, java.lang.String)[pri:0, instance:Suite.LoginTest@1b0375b3]" name="logintest" duration-ms="39922" started-at="2017-03-26T02:40:20Z" data-provider="getdata" finished-at="2017-03-26T02:40:59Z">
          <params>
            <param index="0">
              <value>
                <![CDATA[Solomon2014]]>
              </value>
            </param>
            <param index="1">
              <value>
                <![CDATA[]]>
              </value>
            </param>
            <param index="2">
              <value>
                <![CDATA[FAILURE]]>
              </value>
            </param>
          </params>
          <reporter-output>
          </reporter-output>
        </test-method> <!-- logintest -->
        <test-method status="PASS" signature="logintest(java.lang.String, java.lang.String, java.lang.String)[pri:0, instance:Suite.LoginTest@1b0375b3]" name="logintest" duration-ms="33718" started-at="2017-03-26T02:40:59Z" data-provider="getdata" finished-at="2017-03-26T02:41:33Z">
          <params>
            <param index="0">
              <value>
                <![CDATA[SafeCharge]]>
              </value>
            </param>
            <param index="1">
              <value>
                <![CDATA[Bola12]]>
              </value>
            </param>
            <param index="2">
              <value>
                <![CDATA[FAILURE]]>
              </value>
            </param>
          </params>
          <reporter-output>
          </reporter-output>
        </test-method> <!-- logintest -->
        <test-method status="PASS" signature="logintest(java.lang.String, java.lang.String, java.lang.String)[pri:0, instance:Suite.LoginTest@1b0375b3]" name="logintest" duration-ms="32654" started-at="2017-03-26T02:41:33Z" data-provider="getdata" finished-at="2017-03-26T02:42:06Z">
          <params>
            <param index="0">
              <value>
                <![CDATA[solomon2017]]>
              </value>
            </param>
            <param index="1">
              <value>
                <![CDATA[Bola123$%^]]>
              </value>
            </param>
            <param index="2">
              <value>
                <![CDATA[SUCCESS]]>
              </value>
            </param>
          </params>
          <reporter-output>
          </reporter-output>
        </test-method> <!-- logintest -->
      </class> <!-- Suite.LoginTest -->
    </test> <!-- Default test -->
  </suite> <!-- Default suite -->
</testng-results>
